<?xml version="1.0" encoding="UTF-8"?>
<!-- Generated by org.testng.reporters.JUnitReportReporter -->
<testsuite hostname="Jagadeesh" failures="0" tests="1" name="Practice.Sample1" time="0.012" errors="0" timestamp="2022-09-23T17:49:02 IST" skipped="0">
  <testcase classname="Practice.Sample1" name="step1Test" time="0.012"/>
  <system-out/>
</testsuite> <!-- Practice.Sample1 -->
